<?xml version="1.0" encoding="UTF-8"?>
<testsuite xmlns:xsi="http://www.w3.org/2001/XMLSchema-instance" xsi:noNamespaceSchemaLocation="https://maven.apache.org/surefire/maven-surefire-plugin/xsd/surefire-test-report.xsd" name="ExampleValidatePlaceTest" time="1.484" tests="5" errors="0" skipped="0" failures="0">
  <properties>
    <property name="sun.desktop" value="windows"/>
    <property name="awt.toolkit" value="sun.awt.windows.WToolkit"/>
    <property name="file.encoding.pkg" value="sun.io"/>
    <property name="java.specification.version" value="1.8"/>
    <property name="sun.cpu.isalist" value="amd64"/>
    <property name="sun.jnu.encoding" value="Cp1252"/>
    <property name="java.class.path" value="C:\sources\tau-rest-assured\target\test-classes;C:\sources\tau-rest-assured\target\classes;C:\maven-repo\io\rest-assured\rest-assured\3.3.0\rest-assured-3.3.0.jar;C:\maven-repo\org\codehaus\groovy\groovy\2.4.15\groovy-2.4.15.jar;C:\maven-repo\org\codehaus\groovy\groovy-xml\2.4.15\groovy-xml-2.4.15.jar;C:\maven-repo\org\apache\httpcomponents\httpclient\4.5.3\httpclient-4.5.3.jar;C:\maven-repo\org\apache\httpcomponents\httpcore\4.4.6\httpcore-4.4.6.jar;C:\maven-repo\commons-logging\commons-logging\1.2\commons-logging-1.2.jar;C:\maven-repo\commons-codec\commons-codec\1.9\commons-codec-1.9.jar;C:\maven-repo\org\apache\httpcomponents\httpmime\4.5.3\httpmime-4.5.3.jar;C:\maven-repo\org\hamcrest\hamcrest-core\1.3\hamcrest-core-1.3.jar;C:\maven-repo\org\hamcrest\hamcrest-library\1.3\hamcrest-library-1.3.jar;C:\maven-repo\org\ccil\cowan\tagsoup\tagsoup\1.2.1\tagsoup-1.2.1.jar;C:\maven-repo\io\rest-assured\json-path\3.3.0\json-path-3.3.0.jar;C:\maven-repo\org\codehaus\groovy\groovy-json\2.4.15\groovy-json-2.4.15.jar;C:\maven-repo\io\rest-assured\rest-assured-common\3.3.0\rest-assured-common-3.3.0.jar;C:\maven-repo\io\rest-assured\xml-path\3.3.0\xml-path-3.3.0.jar;C:\maven-repo\org\apache\commons\commons-lang3\3.4\commons-lang3-3.4.jar;C:\maven-repo\javax\xml\bind\jaxb-api\2.2.12\jaxb-api-2.2.12.jar;C:\maven-repo\com\sun\xml\bind\jaxb-osgi\2.2.10\jaxb-osgi-2.2.10.jar;C:\maven-repo\org\apache\sling\org.apache.sling.javax.activation\0.1.0\org.apache.sling.javax.activation-0.1.0.jar;C:\maven-repo\javax\activation\activation\1.1.1\activation-1.1.1.jar;C:\maven-repo\org\junit\jupiter\junit-jupiter-engine\5.5.2\junit-jupiter-engine-5.5.2.jar;C:\maven-repo\org\apiguardian\apiguardian-api\1.1.0\apiguardian-api-1.1.0.jar;C:\maven-repo\org\junit\platform\junit-platform-engine\1.5.2\junit-platform-engine-1.5.2.jar;C:\maven-repo\org\opentest4j\opentest4j\1.2.0\opentest4j-1.2.0.jar;C:\maven-repo\org\junit\platform\junit-platform-commons\1.5.2\junit-platform-commons-1.5.2.jar;C:\maven-repo\org\junit\jupiter\junit-jupiter-api\5.5.2\junit-jupiter-api-5.5.2.jar;C:\maven-repo\com\tngtech\junit\dataprovider\junit4-dataprovider\2.4\junit4-dataprovider-2.4.jar;C:\maven-repo\com\tngtech\junit\dataprovider\junit-dataprovider-core\2.4\junit-dataprovider-core-2.4.jar;C:\maven-repo\com\github\spotbugs\spotbugs-annotations\3.1.5\spotbugs-annotations-3.1.5.jar;C:\maven-repo\com\google\code\findbugs\jsr305\3.0.2\jsr305-3.0.2.jar;"/>
    <property name="java.vm.vendor" value="Oracle Corporation"/>
    <property name="sun.arch.data.model" value="64"/>
    <property name="user.variant" value=""/>
    <property name="java.vendor.url" value="http://java.oracle.com/"/>
    <property name="user.timezone" value="GMT-03:00"/>
    <property name="java.vm.specification.version" value="1.8"/>
    <property name="os.name" value="Windows 10"/>
    <property name="user.country" value="BR"/>
    <property name="sun.java.launcher" value="SUN_STANDARD"/>
    <property name="sun.boot.library.path" value="C:\dev\java\jdk1.8.0_102\jre\bin"/>
    <property name="sun.java.command" value="C:\Users\ronunes\AppData\Local\Temp\surefire5036365748576168471\surefirebooter8991274632006206381.jar C:\Users\ronunes\AppData\Local\Temp\surefire5036365748576168471 2020-02-26T14-23-03_141-jvmRun1 surefire3588329908137678832tmp surefire_01063172617398249126tmp"/>
    <property name="surefire.test.class.path" value="C:\sources\tau-rest-assured\target\test-classes;C:\sources\tau-rest-assured\target\classes;C:\maven-repo\io\rest-assured\rest-assured\3.3.0\rest-assured-3.3.0.jar;C:\maven-repo\org\codehaus\groovy\groovy\2.4.15\groovy-2.4.15.jar;C:\maven-repo\org\codehaus\groovy\groovy-xml\2.4.15\groovy-xml-2.4.15.jar;C:\maven-repo\org\apache\httpcomponents\httpclient\4.5.3\httpclient-4.5.3.jar;C:\maven-repo\org\apache\httpcomponents\httpcore\4.4.6\httpcore-4.4.6.jar;C:\maven-repo\commons-logging\commons-logging\1.2\commons-logging-1.2.jar;C:\maven-repo\commons-codec\commons-codec\1.9\commons-codec-1.9.jar;C:\maven-repo\org\apache\httpcomponents\httpmime\4.5.3\httpmime-4.5.3.jar;C:\maven-repo\org\hamcrest\hamcrest-core\1.3\hamcrest-core-1.3.jar;C:\maven-repo\org\hamcrest\hamcrest-library\1.3\hamcrest-library-1.3.jar;C:\maven-repo\org\ccil\cowan\tagsoup\tagsoup\1.2.1\tagsoup-1.2.1.jar;C:\maven-repo\io\rest-assured\json-path\3.3.0\json-path-3.3.0.jar;C:\maven-repo\org\codehaus\groovy\groovy-json\2.4.15\groovy-json-2.4.15.jar;C:\maven-repo\io\rest-assured\rest-assured-common\3.3.0\rest-assured-common-3.3.0.jar;C:\maven-repo\io\rest-assured\xml-path\3.3.0\xml-path-3.3.0.jar;C:\maven-repo\org\apache\commons\commons-lang3\3.4\commons-lang3-3.4.jar;C:\maven-repo\javax\xml\bind\jaxb-api\2.2.12\jaxb-api-2.2.12.jar;C:\maven-repo\com\sun\xml\bind\jaxb-osgi\2.2.10\jaxb-osgi-2.2.10.jar;C:\maven-repo\org\apache\sling\org.apache.sling.javax.activation\0.1.0\org.apache.sling.javax.activation-0.1.0.jar;C:\maven-repo\javax\activation\activation\1.1.1\activation-1.1.1.jar;C:\maven-repo\org\junit\jupiter\junit-jupiter-engine\5.5.2\junit-jupiter-engine-5.5.2.jar;C:\maven-repo\org\apiguardian\apiguardian-api\1.1.0\apiguardian-api-1.1.0.jar;C:\maven-repo\org\junit\platform\junit-platform-engine\1.5.2\junit-platform-engine-1.5.2.jar;C:\maven-repo\org\opentest4j\opentest4j\1.2.0\opentest4j-1.2.0.jar;C:\maven-repo\org\junit\platform\junit-platform-commons\1.5.2\junit-platform-commons-1.5.2.jar;C:\maven-repo\org\junit\jupiter\junit-jupiter-api\5.5.2\junit-jupiter-api-5.5.2.jar;C:\maven-repo\com\tngtech\junit\dataprovider\junit4-dataprovider\2.4\junit4-dataprovider-2.4.jar;C:\maven-repo\com\tngtech\junit\dataprovider\junit-dataprovider-core\2.4\junit-dataprovider-core-2.4.jar;C:\maven-repo\com\github\spotbugs\spotbugs-annotations\3.1.5\spotbugs-annotations-3.1.5.jar;C:\maven-repo\com\google\code\findbugs\jsr305\3.0.2\jsr305-3.0.2.jar;"/>
    <property name="sun.cpu.endian" value="little"/>
    <property name="user.home" value="C:\Users\ronunes"/>
    <property name="user.language" value="pt"/>
    <property name="java.specification.vendor" value="Oracle Corporation"/>
    <property name="java.home" value="C:\dev\java\jdk1.8.0_102\jre"/>
    <property name="basedir" value="C:\sources\tau-rest-assured"/>
    <property name="file.separator" value="\"/>
    <property name="line.separator" value="&#10;"/>
    <property name="java.vm.specification.vendor" value="Oracle Corporation"/>
    <property name="java.specification.name" value="Java Platform API Specification"/>
    <property name="java.awt.graphicsenv" value="sun.awt.Win32GraphicsEnvironment"/>
    <property name="surefire.real.class.path" value="C:\Users\ronunes\AppData\Local\Temp\surefire5036365748576168471\surefirebooter8991274632006206381.jar"/>
    <property name="sun.boot.class.path" value="C:\dev\java\jdk1.8.0_102\jre\lib\resources.jar;C:\dev\java\jdk1.8.0_102\jre\lib\rt.jar;C:\dev\java\jdk1.8.0_102\jre\lib\sunrsasign.jar;C:\dev\java\jdk1.8.0_102\jre\lib\jsse.jar;C:\dev\java\jdk1.8.0_102\jre\lib\jce.jar;C:\dev\java\jdk1.8.0_102\jre\lib\charsets.jar;C:\dev\java\jdk1.8.0_102\jre\lib\jfr.jar;C:\dev\java\jdk1.8.0_102\jre\classes"/>
    <property name="user.script" value=""/>
    <property name="sun.management.compiler" value="HotSpot 64-Bit Tiered Compilers"/>
    <property name="java.runtime.version" value="1.8.0_102-b14"/>
    <property name="user.name" value="ronunes"/>
    <property name="path.separator" value=";"/>
    <property name="os.version" value="10.0"/>
    <property name="java.endorsed.dirs" value="C:\dev\java\jdk1.8.0_102\jre\lib\endorsed"/>
    <property name="java.runtime.name" value="Java(TM) SE Runtime Environment"/>
    <property name="file.encoding" value="Cp1252"/>
    <property name="java.vm.name" value="Java HotSpot(TM) 64-Bit Server VM"/>
    <property name="localRepository" value="C:\maven-repo"/>
    <property name="java.vendor.url.bug" value="http://bugreport.sun.com/bugreport/"/>
    <property name="java.io.tmpdir" value="C:\Users\ronunes\AppData\Local\Temp\"/>
    <property name="java.version" value="1.8.0_102"/>
    <property name="user.dir" value="C:\sources\tau-rest-assured"/>
    <property name="os.arch" value="amd64"/>
    <property name="java.vm.specification.name" value="Java Virtual Machine Specification"/>
    <property name="java.awt.printerjob" value="sun.awt.windows.WPrinterJob"/>
    <property name="sun.os.patch.level" value=""/>
    <property name="java.library.path" value="C:\dev\java\jdk1.8.0_102\jre\bin;C:\WINDOWS\Sun\Java\bin;C:\WINDOWS\system32;C:\WINDOWS;C:\Python27\;C:\Python27\Scripts;C:\Program Files (x86)\Common Files\Oracle\Java\javapath;C:\WINDOWS\system32;C:\WINDOWS;C:\WINDOWS\System32\Wbem;C:\WINDOWS\System32\WindowsPowerShell\v1.0\;C:\WINDOWS\System32\OpenSSH\;C:\ProgramData\chocolatey\bin;C:\Program Files\Git\cmd;C:\dev\tools\apache-ant-1.9.6\bin;C:\dev\java\jdk1.8.0_102\bin;C:\dev\tools\apache-maven-3.2.5\\bin;C:\dev\tools\SoapUI-5.2.1\bin;C:\Program Files\Git\bin\bin;C:\Program Files\Git\bin\usr\bin;C:\Neogrid\Conf\SharedLibs;C:\Program Files\Microsoft SQL Server\Client SDK\ODBC\130\Tools\Binn\;C:\Program Files (x86)\Microsoft SQL Server\140\Tools\Binn\;C:\Program Files\Microsoft SQL Server\140\Tools\Binn\;C:\Program Files\Microsoft SQL Server\140\DTS\Binn\;C:\Program Files (x86)\Microsoft SQL Server\150\DTS\Binn\;C:\Program Files (x86)\Intel\Intel(R) Management Engine Components\DAL;C:\Program Files\Intel\Intel(R) Management Engine Components\DAL;C:\Program Files\nodejs\;C:\Users\ronunes\AppData\Local\Microsoft\WindowsApps;C:\Users\ronunes\AppData\Local\Programs\Microsoft VS Code\bin;C:\Users\ronunes\AppData\Local\Microsoft\WindowsApps;C:\Users\ronunes\AppData\Local\atom\bin;C:\Users\ronunes\AppData\Roaming\npm;."/>
    <property name="java.vm.info" value="mixed mode"/>
    <property name="java.vendor" value="Oracle Corporation"/>
    <property name="java.vm.version" value="25.102-b14"/>
    <property name="java.ext.dirs" value="C:\dev\java\jdk1.8.0_102\jre\lib\ext;C:\WINDOWS\Sun\Java\lib\ext"/>
    <property name="sun.io.unicode.encoding" value="UnicodeLittle"/>
    <property name="java.class.version" value="52.0"/>
  </properties>
  <testcase name="validateZipCode90210_And_PlaceNameExpectContainsBeverlyHills" classname="ExampleValidatePlaceTest" time="0.541"/>
  <testcase name="validateZipCode90210_And_PlaceNameBeverlyHills" classname="ExampleValidatePlaceTest" time="0.245"/>
  <testcase name="validateZipCode90210_And_PlaceNameNotExpectContainsBeverlyHills" classname="ExampleValidatePlaceTest" time="0.23"/>
  <testcase name="validateZipCode90210_And_StateCalifornia" classname="ExampleValidatePlaceTest" time="0.236"/>
  <testcase name="validateZipCode90210_And_PlaceNameHasSize" classname="ExampleValidatePlaceTest" time="0.23"/>
</testsuite>